<?xml version="1.0" encoding="utf-8"?>
<shfbBuild product="Sandcastle Help File Builder and Tools" version="2016.9.17.0" projectFile="C:\Users\Blair Wyatt\Desktop\XBee Multi Terminal\Documentation\Documentation.shfbproj" started="3/10/2016 11:50:20 PM">
<buildStep step="Initializing">
Finding tools...
The Sandcastle tools are located in &#39;C:\Program Files (x86)\EWSoftware\Sandcastle Help File Builder\&#39;
Searching for HTML Help 1 compiler...
Found HTML Help 1 compiler in &#39;C:\Program Files (x86)\HTML Help Workshop\&#39;
Locating components in the following folder(s):
    C:\Users\Blair Wyatt\Desktop\XBee Multi Terminal\Documentation
    C:\ProgramData\EWSoftware\Sandcastle Help File Builder\Components and Plug-Ins\
    C:\Program Files (x86)\EWSoftware\Sandcastle Help File Builder\
Using framework reflection data for &#39;.NET Framework 4.5.2&#39; located in &#39;C:\Program Files (x86)\EWSoftware\Sandcastle Help File Builder\Data\.NETFramework&#39;
Using presentation style &#39;VS2013&#39; located in &#39;C:\Program Files (x86)\EWSoftware\Sandcastle Help File Builder\PresentationStyles\VS2013&#39;
Loading and initializing plug-ins...
Additional Content Only Version 2016.9.17.0
Copyright &#169; 2006-2016, Eric Woodruff, All Rights Reserved
    This build will only include additional content items.
Lightweight Website Style Version 2016.9.17.0
Copyright &#169; 2006-2016, Eric Woodruff, All Rights Reserved
Portions Copyright &#169; 2014, Sam Harwell, All Rights Reserved
-------------------------------
Clearing any prior web/markdown output...
</buildStep>
<buildStep step="ValidatingDocumentationSources">
Validating and copying documentation source information
<plugIn name="Additional Content Only" behavior="InsteadOf" priority="1000">
</plugIn></buildStep>
<buildStep step="GenerateSharedContent">
Generating shared content files (en-US, English (United States))...
<plugIn name="Lightweight Website Style" behavior="After" priority="1000">
</plugIn>    Last step completed in 00:00:00.0070
</buildStep>
<buildStep step="GenerateApiFilter">
Generating API filter for MRefBuilder...
<plugIn name="Additional Content Only" behavior="InsteadOf" priority="1000">
</plugIn>    Last step completed in 00:00:00.0000
</buildStep>
<buildStep step="GenerateReflectionInfo">
Generating reflection information...
<plugIn name="Additional Content Only" behavior="InsteadOf" priority="1000">
</plugIn>    Last step completed in 00:00:00.0040
</buildStep>
<buildStep step="TransformReflectionInfo">
Transforming reflection output...
<plugIn name="Additional Content Only" behavior="InsteadOf" priority="1000">
</plugIn>    Last step completed in 00:00:00.0010
</buildStep>
<buildStep step="GenerateNamespaceSummaries">
Generating namespace summary information...
<plugIn name="Additional Content Only" behavior="InsteadOf" priority="1000">
</plugIn>    Last step completed in 00:00:00.0030
</buildStep>
<buildStep step="CopyConceptualContent">
Copying conceptual content...
Copying standard token shared content file...
Checking for other token files...
Checking for code snippets files...
Copying images and creating the media map file...
    C:\Users\Blair Wyatt\Desktop\XBee Multi Terminal\Documentation\media\AddTerminal.png -&gt; C:\Users\Blair Wyatt\Desktop\XBee Multi Terminal\Documentation\Help\Working\media\AddTerminal.png
    C:\Users\Blair Wyatt\Desktop\XBee Multi Terminal\Documentation\media\Connected.png -&gt; C:\Users\Blair Wyatt\Desktop\XBee Multi Terminal\Documentation\Help\Working\media\Connected.png
    C:\Users\Blair Wyatt\Desktop\XBee Multi Terminal\Documentation\media\CreateNamedPipe.png -&gt; C:\Users\Blair Wyatt\Desktop\XBee Multi Terminal\Documentation\Help\Working\media\CreateNamedPipe.png
    C:\Users\Blair Wyatt\Desktop\XBee Multi Terminal\Documentation\media\Hardware.png -&gt; C:\Users\Blair Wyatt\Desktop\XBee Multi Terminal\Documentation\Help\Working\media\Hardware.png
    C:\Users\Blair Wyatt\Desktop\XBee Multi Terminal\Documentation\media\MultiTerminal.png -&gt; C:\Users\Blair Wyatt\Desktop\XBee Multi Terminal\Documentation\Help\Working\media\MultiTerminal.png
    C:\Users\Blair Wyatt\Desktop\XBee Multi Terminal\Documentation\media\OpenSerial.png -&gt; C:\Users\Blair Wyatt\Desktop\XBee Multi Terminal\Documentation\Help\Working\media\OpenSerial.png
    C:\Users\Blair Wyatt\Desktop\XBee Multi Terminal\Documentation\media\PipeActive.png -&gt; C:\Users\Blair Wyatt\Desktop\XBee Multi Terminal\Documentation\Help\Working\media\PipeActive.png
    C:\Users\Blair Wyatt\Desktop\XBee Multi Terminal\Documentation\media\PuttyActive.png -&gt; C:\Users\Blair Wyatt\Desktop\XBee Multi Terminal\Documentation\Help\Working\media\PuttyActive.png
    C:\Users\Blair Wyatt\Desktop\XBee Multi Terminal\Documentation\media\PuttyOpen.png -&gt; C:\Users\Blair Wyatt\Desktop\XBee Multi Terminal\Documentation\Help\Working\media\PuttyOpen.png
    C:\Users\Blair Wyatt\Desktop\XBee Multi Terminal\Documentation\media\Settings.png -&gt; C:\Users\Blair Wyatt\Desktop\XBee Multi Terminal\Documentation\Help\Working\media\Settings.png
    C:\Users\Blair Wyatt\Desktop\XBee Multi Terminal\Documentation\media\TerminalActive.png -&gt; C:\Users\Blair Wyatt\Desktop\XBee Multi Terminal\Documentation\Help\Working\media\TerminalActive.png
Generating conceptual topic files
    Parsing topic file &#39;C:\Users\Blair Wyatt\Desktop\XBee Multi Terminal\Documentation\Content\Welcome.aml&#39;
    C:\Users\Blair Wyatt\Desktop\XBee Multi Terminal\Documentation\Content\Welcome.aml -&gt; C:\Users\Blair Wyatt\Desktop\XBee Multi Terminal\Documentation\Help\Working\ddueXml\ba553d44-1f88-4105-88ec-706ce2b66f83.xml
    Parsing topic file &#39;C:\Users\Blair Wyatt\Desktop\XBee Multi Terminal\Documentation\Content\GettingStarted.aml&#39;
    C:\Users\Blair Wyatt\Desktop\XBee Multi Terminal\Documentation\Content\GettingStarted.aml -&gt; C:\Users\Blair Wyatt\Desktop\XBee Multi Terminal\Documentation\Help\Working\ddueXml\34d2e4cd-7578-435d-897e-102d4d031698.xml
    Parsing topic file &#39;C:\Users\Blair Wyatt\Desktop\XBee Multi Terminal\Documentation\Content\NamedPipes.aml&#39;
    C:\Users\Blair Wyatt\Desktop\XBee Multi Terminal\Documentation\Content\NamedPipes.aml -&gt; C:\Users\Blair Wyatt\Desktop\XBee Multi Terminal\Documentation\Help\Working\ddueXml\a7861de1-88dd-4f3e-89ca-c2236eddf94f.xml
    Parsing topic file &#39;C:\Users\Blair Wyatt\Desktop\XBee Multi Terminal\Documentation\Content\ClientScanning.aml&#39;
    C:\Users\Blair Wyatt\Desktop\XBee Multi Terminal\Documentation\Content\ClientScanning.aml -&gt; C:\Users\Blair Wyatt\Desktop\XBee Multi Terminal\Documentation\Help\Working\ddueXml\07e0d857-8863-4bda-ae5d-3c848e338399.xml
    Parsing topic file &#39;C:\Users\Blair Wyatt\Desktop\XBee Multi Terminal\Documentation\Content\XBeeHardwareConfiguration.aml&#39;
    C:\Users\Blair Wyatt\Desktop\XBee Multi Terminal\Documentation\Content\XBeeHardwareConfiguration.aml -&gt; C:\Users\Blair Wyatt\Desktop\XBee Multi Terminal\Documentation\Help\Working\ddueXml\7700f5cc-e6ef-4ced-8442-0ef52b848d3b.xml
    Parsing topic file &#39;C:\Users\Blair Wyatt\Desktop\XBee Multi Terminal\Documentation\Content\XBeeCommands.aml&#39;
    C:\Users\Blair Wyatt\Desktop\XBee Multi Terminal\Documentation\Content\XBeeCommands.aml -&gt; C:\Users\Blair Wyatt\Desktop\XBee Multi Terminal\Documentation\Help\Working\ddueXml\035e8864-acf4-4fa1-9278-b84f3238613c.xml
    Parsing topic file &#39;C:\Users\Blair Wyatt\Desktop\XBee Multi Terminal\Documentation\Content\SavingandLoadingSession.aml&#39;
    C:\Users\Blair Wyatt\Desktop\XBee Multi Terminal\Documentation\Content\SavingandLoadingSession.aml -&gt; C:\Users\Blair Wyatt\Desktop\XBee Multi Terminal\Documentation\Help\Working\ddueXml\6730b259-165e-472f-9bb5-2a39cc074b11.xml
    Parsing topic file &#39;C:\Users\Blair Wyatt\Desktop\XBee Multi Terminal\Documentation\Content\Considerations.aml&#39;
    C:\Users\Blair Wyatt\Desktop\XBee Multi Terminal\Documentation\Content\Considerations.aml -&gt; C:\Users\Blair Wyatt\Desktop\XBee Multi Terminal\Documentation\Help\Working\ddueXml\9b760047-13dc-4be3-acd9-aef0e991722e.xml
    Parsing topic file &#39;C:\Users\Blair Wyatt\Desktop\XBee Multi Terminal\Documentation\Content\VersionHistory\VersionHistory.aml&#39;
    C:\Users\Blair Wyatt\Desktop\XBee Multi Terminal\Documentation\Content\VersionHistory\VersionHistory.aml -&gt; C:\Users\Blair Wyatt\Desktop\XBee Multi Terminal\Documentation\Help\Working\ddueXml\90b7f806-433d-4171-8d80-4b98f4eafdba.xml
    Parsing topic file &#39;C:\Users\Blair Wyatt\Desktop\XBee Multi Terminal\Documentation\Content\VersionHistory\v0.1.0.0.aml&#39;
    C:\Users\Blair Wyatt\Desktop\XBee Multi Terminal\Documentation\Content\VersionHistory\v0.1.0.0.aml -&gt; C:\Users\Blair Wyatt\Desktop\XBee Multi Terminal\Documentation\Help\Working\ddueXml\69dae57e-27fa-4d83-ae60-ed7c5af97039.xml
    Last step completed in 00:00:00.2252
</buildStep>
<buildStep step="CreateConceptualTopicConfigs">
Creating conceptual topic configuration files...
    Companion files
    _ContentMetadata_.xml
    Merging topic IDs into manifest.xml
    Last step completed in 00:00:00.0140
</buildStep>
<buildStep step="CopyAdditionalContent">
Copying additional content files...
C:\Users\Blair Wyatt\Desktop\XBee Multi Terminal\Documentation\icons\Help.png -&gt; C:\Users\Blair Wyatt\Desktop\XBee Multi Terminal\Documentation\Help\Working\Output\HtmlHelp1\icons\Help.png
C:\Users\Blair Wyatt\Desktop\XBee Multi Terminal\Documentation\icons\Help.png -&gt; C:\Users\Blair Wyatt\Desktop\XBee Multi Terminal\Documentation\Help\Working\Output\Website\icons\Help.png
    Last step completed in 00:00:00.0190
</buildStep>
<buildStep step="MergeTablesOfContents">
Merging conceptual and additional tables of contents...
    Last step completed in 00:00:00.0010
</buildStep>
<buildStep step="GenerateIntermediateTableOfContents">
Generating intermediate table of contents file...
[C:\Program Files (x86)\MSBuild\14.0\bin\MSBuild.exe - GenerateIntermediateTOC.proj]
Build started 3/10/2016 11:50:22 PM.
Project &quot;C:\Users\Blair Wyatt\Desktop\XBee Multi Terminal\Documentation\Help\Working\GenerateIntermediateTOC.proj&quot; on node 1 (default targets).
GenerateIntermediateTOC:
  XslTransform (v2016.9.17.0)
  Copyright &#184; 2006-2016, Microsoft Corporation, All Rights Reserved.
  Portions Copyright &#184; 2006-2016, Eric Woodruff, All Rights Reserved.
  Applying XSL transformation &#39;C:\Program Files (x86)\EWSoftware\Sandcastle Help File Builder\\ProductionTransforms\CreateVSToc.xsl&#39;.
Done Building Project &quot;C:\Users\Blair Wyatt\Desktop\XBee Multi Terminal\Documentation\Help\Working\GenerateIntermediateTOC.proj&quot; (default targets).

Build succeeded.

Time Elapsed 00:00:00.13
Generating conceptual content intermediate TOC file...
    Last step completed in 00:00:00.7005
</buildStep>
<buildStep step="CreateBuildAssemblerConfigs">
Creating Sandcastle configuration files...
    sandcastle.config
    Last step completed in 00:00:00.1471
</buildStep>
<buildStep step="MergeCustomConfigs">
Merging custom build component configurations
C:\Users\Blair Wyatt\Desktop\XBee Multi Terminal\Documentation\Help\Working\sandcastle.config
  Updating reference topic configurations.
  Updating conceptual topic configurations.
    Removing unused ExampleComponent.
<plugIn name="Additional Content Only" behavior="After" priority="1000">
</plugIn>    Last step completed in 00:00:00.0080
</buildStep>
<buildStep step="BuildTopics">
Building help topics...
[C:\Program Files (x86)\MSBuild\14.0\bin\MSBuild.exe - BuildTopics.proj]
Build started 3/10/2016 11:50:22 PM.
Project &quot;C:\Users\Blair Wyatt\Desktop\XBee Multi Terminal\Documentation\Help\Working\BuildTopics.proj&quot; on node 1 (default targets).
BuildTopics:
  BuildAssembler (v2016.9.17.0)
  Copyright &#184; 2006-2016, Microsoft Corporation, All Rights Reserved.
  Portions Copyright &#184; 2006-2016, Eric Woodruff, All Rights Reserved.
  Loading configuration...
  Processing topics...
  Processed 10 topic(s)
  CopyFromIndexComponent: &quot;metadata&quot; in-memory cache entries used: 1 of 15.
  ResolveArtLinksComponent: Copying media files...
  ResolveArtLinksComponent: Copying media files...
Done Building Project &quot;C:\Users\Blair Wyatt\Desktop\XBee Multi Terminal\Documentation\Help\Working\BuildTopics.proj&quot; (default targets).

Build succeeded.

Time Elapsed 00:00:01.69
    Last step completed in 00:00:01.9203
</buildStep>
<buildStep step="CombiningIntermediateTocFiles">
Combining conceptual and API intermediate TOC files...
    Last step completed in 00:00:00.0030
</buildStep>
<buildStep step="ExtractingHtmlInfo">
Extracting HTML info for HTML Help 1 and/or website...
[C:\Program Files (x86)\MSBuild\14.0\bin\MSBuild.exe - ExtractHtmlInfo.proj]
Sandcastle Help File Builder and Tools, version 2016.9.17.0
Copyright &#184; 2006-2016, Eric Woodruff, All Rights Reserved
E-Mail: Eric@EWoodruff.us

Using LCID &#39;1033&#39;, code page &#39;65001&#39;, encoding charset &#39;UTF-8&#39;.

Processing Help 1 files in C:\Users\Blair Wyatt\Desktop\XBee Multi Terminal\Documentation\Help\Working\Output\HtmlHelp1
Processed 10 HTML files
Sorting keywords and generating See Also indices
Saving HTML Help 1 keyword index to C:\Users\Blair Wyatt\Desktop\XBee Multi Terminal\Documentation\Help\Working\Help.hhk
Saving HTML Help 1 table of contents to C:\Users\Blair Wyatt\Desktop\XBee Multi Terminal\Documentation\Help\Working\Help.hhc

Processing website files in C:\Users\Blair Wyatt\Desktop\XBee Multi Terminal\Documentation\Help\Working\Output\Website
Processed 10 HTML files
Sorting keywords and generating See Also indices
Saving website keyword index to C:\Users\Blair Wyatt\Desktop\XBee Multi Terminal\Documentation\Help\Working\WebKI.xml
Saving website table of contents to C:\Users\Blair Wyatt\Desktop\XBee Multi Terminal\Documentation\Help\Working\WebTOC.xml
    Last step completed in 00:00:00.7695
</buildStep>
<buildStep step="CopyStandardHelpContent">
Copying standard help content...
C:\Program Files (x86)\EWSoftware\Sandcastle Help File Builder\PresentationStyles\VS2013\icons\AlertCaution.png -&gt; C:\Users\Blair Wyatt\Desktop\XBee Multi Terminal\Documentation\Help\Working\Output\HtmlHelp1\icons\AlertCaution.png
C:\Program Files (x86)\EWSoftware\Sandcastle Help File Builder\PresentationStyles\VS2013\icons\AlertNote.png -&gt; C:\Users\Blair Wyatt\Desktop\XBee Multi Terminal\Documentation\Help\Working\Output\HtmlHelp1\icons\AlertNote.png
C:\Program Files (x86)\EWSoftware\Sandcastle Help File Builder\PresentationStyles\VS2013\icons\AlertSecurity.png -&gt; C:\Users\Blair Wyatt\Desktop\XBee Multi Terminal\Documentation\Help\Working\Output\HtmlHelp1\icons\AlertSecurity.png
C:\Program Files (x86)\EWSoftware\Sandcastle Help File Builder\PresentationStyles\VS2013\icons\CFW.gif -&gt; C:\Users\Blair Wyatt\Desktop\XBee Multi Terminal\Documentation\Help\Working\Output\HtmlHelp1\icons\CFW.gif
C:\Program Files (x86)\EWSoftware\Sandcastle Help File Builder\PresentationStyles\VS2013\icons\CodeExample.png -&gt; C:\Users\Blair Wyatt\Desktop\XBee Multi Terminal\Documentation\Help\Working\Output\HtmlHelp1\icons\CodeExample.png
C:\Program Files (x86)\EWSoftware\Sandcastle Help File Builder\PresentationStyles\VS2013\icons\favicon.ico -&gt; C:\Users\Blair Wyatt\Desktop\XBee Multi Terminal\Documentation\Help\Working\Output\HtmlHelp1\icons\favicon.ico
C:\Program Files (x86)\EWSoftware\Sandcastle Help File Builder\PresentationStyles\VS2013\icons\privclass.gif -&gt; C:\Users\Blair Wyatt\Desktop\XBee Multi Terminal\Documentation\Help\Working\Output\HtmlHelp1\icons\privclass.gif
C:\Program Files (x86)\EWSoftware\Sandcastle Help File Builder\PresentationStyles\VS2013\icons\privdelegate.gif -&gt; C:\Users\Blair Wyatt\Desktop\XBee Multi Terminal\Documentation\Help\Working\Output\HtmlHelp1\icons\privdelegate.gif
C:\Program Files (x86)\EWSoftware\Sandcastle Help File Builder\PresentationStyles\VS2013\icons\privenumeration.gif -&gt; C:\Users\Blair Wyatt\Desktop\XBee Multi Terminal\Documentation\Help\Working\Output\HtmlHelp1\icons\privenumeration.gif
C:\Program Files (x86)\EWSoftware\Sandcastle Help File Builder\PresentationStyles\VS2013\icons\privevent.gif -&gt; C:\Users\Blair Wyatt\Desktop\XBee Multi Terminal\Documentation\Help\Working\Output\HtmlHelp1\icons\privevent.gif
C:\Program Files (x86)\EWSoftware\Sandcastle Help File Builder\PresentationStyles\VS2013\icons\privextension.gif -&gt; C:\Users\Blair Wyatt\Desktop\XBee Multi Terminal\Documentation\Help\Working\Output\HtmlHelp1\icons\privextension.gif
C:\Program Files (x86)\EWSoftware\Sandcastle Help File Builder\PresentationStyles\VS2013\icons\privfield.gif -&gt; C:\Users\Blair Wyatt\Desktop\XBee Multi Terminal\Documentation\Help\Working\Output\HtmlHelp1\icons\privfield.gif
C:\Program Files (x86)\EWSoftware\Sandcastle Help File Builder\PresentationStyles\VS2013\icons\privinterface.gif -&gt; C:\Users\Blair Wyatt\Desktop\XBee Multi Terminal\Documentation\Help\Working\Output\HtmlHelp1\icons\privinterface.gif
C:\Program Files (x86)\EWSoftware\Sandcastle Help File Builder\PresentationStyles\VS2013\icons\privmethod.gif -&gt; C:\Users\Blair Wyatt\Desktop\XBee Multi Terminal\Documentation\Help\Working\Output\HtmlHelp1\icons\privmethod.gif
C:\Program Files (x86)\EWSoftware\Sandcastle Help File Builder\PresentationStyles\VS2013\icons\privproperty.gif -&gt; C:\Users\Blair Wyatt\Desktop\XBee Multi Terminal\Documentation\Help\Working\Output\HtmlHelp1\icons\privproperty.gif
C:\Program Files (x86)\EWSoftware\Sandcastle Help File Builder\PresentationStyles\VS2013\icons\privstructure.gif -&gt; C:\Users\Blair Wyatt\Desktop\XBee Multi Terminal\Documentation\Help\Working\Output\HtmlHelp1\icons\privstructure.gif
C:\Program Files (x86)\EWSoftware\Sandcastle Help File Builder\PresentationStyles\VS2013\icons\protclass.gif -&gt; C:\Users\Blair Wyatt\Desktop\XBee Multi Terminal\Documentation\Help\Working\Output\HtmlHelp1\icons\protclass.gif
C:\Program Files (x86)\EWSoftware\Sandcastle Help File Builder\PresentationStyles\VS2013\icons\protdelegate.gif -&gt; C:\Users\Blair Wyatt\Desktop\XBee Multi Terminal\Documentation\Help\Working\Output\HtmlHelp1\icons\protdelegate.gif
C:\Program Files (x86)\EWSoftware\Sandcastle Help File Builder\PresentationStyles\VS2013\icons\protenumeration.gif -&gt; C:\Users\Blair Wyatt\Desktop\XBee Multi Terminal\Documentation\Help\Working\Output\HtmlHelp1\icons\protenumeration.gif
C:\Program Files (x86)\EWSoftware\Sandcastle Help File Builder\PresentationStyles\VS2013\icons\protevent.gif -&gt; C:\Users\Blair Wyatt\Desktop\XBee Multi Terminal\Documentation\Help\Working\Output\HtmlHelp1\icons\protevent.gif
C:\Program Files (x86)\EWSoftware\Sandcastle Help File Builder\PresentationStyles\VS2013\icons\protextension.gif -&gt; C:\Users\Blair Wyatt\Desktop\XBee Multi Terminal\Documentation\Help\Working\Output\HtmlHelp1\icons\protextension.gif
C:\Program Files (x86)\EWSoftware\Sandcastle Help File Builder\PresentationStyles\VS2013\icons\protfield.gif -&gt; C:\Users\Blair Wyatt\Desktop\XBee Multi Terminal\Documentation\Help\Working\Output\HtmlHelp1\icons\protfield.gif
C:\Program Files (x86)\EWSoftware\Sandcastle Help File Builder\PresentationStyles\VS2013\icons\protinterface.gif -&gt; C:\Users\Blair Wyatt\Desktop\XBee Multi Terminal\Documentation\Help\Working\Output\HtmlHelp1\icons\protinterface.gif
C:\Program Files (x86)\EWSoftware\Sandcastle Help File Builder\PresentationStyles\VS2013\icons\protmethod.gif -&gt; C:\Users\Blair Wyatt\Desktop\XBee Multi Terminal\Documentation\Help\Working\Output\HtmlHelp1\icons\protmethod.gif
C:\Program Files (x86)\EWSoftware\Sandcastle Help File Builder\PresentationStyles\VS2013\icons\protoperator.gif -&gt; C:\Users\Blair Wyatt\Desktop\XBee Multi Terminal\Documentation\Help\Working\Output\HtmlHelp1\icons\protoperator.gif
C:\Program Files (x86)\EWSoftware\Sandcastle Help File Builder\PresentationStyles\VS2013\icons\protproperty.gif -&gt; C:\Users\Blair Wyatt\Desktop\XBee Multi Terminal\Documentation\Help\Working\Output\HtmlHelp1\icons\protproperty.gif
C:\Program Files (x86)\EWSoftware\Sandcastle Help File Builder\PresentationStyles\VS2013\icons\protstructure.gif -&gt; C:\Users\Blair Wyatt\Desktop\XBee Multi Terminal\Documentation\Help\Working\Output\HtmlHelp1\icons\protstructure.gif
C:\Program Files (x86)\EWSoftware\Sandcastle Help File Builder\PresentationStyles\VS2013\icons\pubclass.gif -&gt; C:\Users\Blair Wyatt\Desktop\XBee Multi Terminal\Documentation\Help\Working\Output\HtmlHelp1\icons\pubclass.gif
C:\Program Files (x86)\EWSoftware\Sandcastle Help File Builder\PresentationStyles\VS2013\icons\pubdelegate.gif -&gt; C:\Users\Blair Wyatt\Desktop\XBee Multi Terminal\Documentation\Help\Working\Output\HtmlHelp1\icons\pubdelegate.gif
C:\Program Files (x86)\EWSoftware\Sandcastle Help File Builder\PresentationStyles\VS2013\icons\pubenumeration.gif -&gt; C:\Users\Blair Wyatt\Desktop\XBee Multi Terminal\Documentation\Help\Working\Output\HtmlHelp1\icons\pubenumeration.gif
C:\Program Files (x86)\EWSoftware\Sandcastle Help File Builder\PresentationStyles\VS2013\icons\pubevent.gif -&gt; C:\Users\Blair Wyatt\Desktop\XBee Multi Terminal\Documentation\Help\Working\Output\HtmlHelp1\icons\pubevent.gif
C:\Program Files (x86)\EWSoftware\Sandcastle Help File Builder\PresentationStyles\VS2013\icons\pubextension.gif -&gt; C:\Users\Blair Wyatt\Desktop\XBee Multi Terminal\Documentation\Help\Working\Output\HtmlHelp1\icons\pubextension.gif
C:\Program Files (x86)\EWSoftware\Sandcastle Help File Builder\PresentationStyles\VS2013\icons\pubfield.gif -&gt; C:\Users\Blair Wyatt\Desktop\XBee Multi Terminal\Documentation\Help\Working\Output\HtmlHelp1\icons\pubfield.gif
C:\Program Files (x86)\EWSoftware\Sandcastle Help File Builder\PresentationStyles\VS2013\icons\pubinterface.gif -&gt; C:\Users\Blair Wyatt\Desktop\XBee Multi Terminal\Documentation\Help\Working\Output\HtmlHelp1\icons\pubinterface.gif
C:\Program Files (x86)\EWSoftware\Sandcastle Help File Builder\PresentationStyles\VS2013\icons\pubmethod.gif -&gt; C:\Users\Blair Wyatt\Desktop\XBee Multi Terminal\Documentation\Help\Working\Output\HtmlHelp1\icons\pubmethod.gif
C:\Program Files (x86)\EWSoftware\Sandcastle Help File Builder\PresentationStyles\VS2013\icons\puboperator.gif -&gt; C:\Users\Blair Wyatt\Desktop\XBee Multi Terminal\Documentation\Help\Working\Output\HtmlHelp1\icons\puboperator.gif
C:\Program Files (x86)\EWSoftware\Sandcastle Help File Builder\PresentationStyles\VS2013\icons\pubproperty.gif -&gt; C:\Users\Blair Wyatt\Desktop\XBee Multi Terminal\Documentation\Help\Working\Output\HtmlHelp1\icons\pubproperty.gif
C:\Program Files (x86)\EWSoftware\Sandcastle Help File Builder\PresentationStyles\VS2013\icons\pubstructure.gif -&gt; C:\Users\Blair Wyatt\Desktop\XBee Multi Terminal\Documentation\Help\Working\Output\HtmlHelp1\icons\pubstructure.gif
C:\Program Files (x86)\EWSoftware\Sandcastle Help File Builder\PresentationStyles\VS2013\icons\SectionCollapsed.png -&gt; C:\Users\Blair Wyatt\Desktop\XBee Multi Terminal\Documentation\Help\Working\Output\HtmlHelp1\icons\SectionCollapsed.png
C:\Program Files (x86)\EWSoftware\Sandcastle Help File Builder\PresentationStyles\VS2013\icons\SectionExpanded.png -&gt; C:\Users\Blair Wyatt\Desktop\XBee Multi Terminal\Documentation\Help\Working\Output\HtmlHelp1\icons\SectionExpanded.png
C:\Program Files (x86)\EWSoftware\Sandcastle Help File Builder\PresentationStyles\VS2013\icons\slMobile.gif -&gt; C:\Users\Blair Wyatt\Desktop\XBee Multi Terminal\Documentation\Help\Working\Output\HtmlHelp1\icons\slMobile.gif
C:\Program Files (x86)\EWSoftware\Sandcastle Help File Builder\PresentationStyles\VS2013\icons\static.gif -&gt; C:\Users\Blair Wyatt\Desktop\XBee Multi Terminal\Documentation\Help\Working\Output\HtmlHelp1\icons\static.gif
C:\Program Files (x86)\EWSoftware\Sandcastle Help File Builder\PresentationStyles\VS2013\icons\xna.gif -&gt; C:\Users\Blair Wyatt\Desktop\XBee Multi Terminal\Documentation\Help\Working\Output\HtmlHelp1\icons\xna.gif
C:\Program Files (x86)\EWSoftware\Sandcastle Help File Builder\PresentationStyles\VS2013\scripts\branding.js -&gt; C:\Users\Blair Wyatt\Desktop\XBee Multi Terminal\Documentation\Help\Working\Output\HtmlHelp1\scripts\branding.js
C:\Program Files (x86)\EWSoftware\Sandcastle Help File Builder\PresentationStyles\VS2013\styles\branding-cs-CZ.css -&gt; C:\Users\Blair Wyatt\Desktop\XBee Multi Terminal\Documentation\Help\Working\Output\HtmlHelp1\styles\branding-cs-CZ.css
C:\Program Files (x86)\EWSoftware\Sandcastle Help File Builder\PresentationStyles\VS2013\styles\branding-de-DE.css -&gt; C:\Users\Blair Wyatt\Desktop\XBee Multi Terminal\Documentation\Help\Working\Output\HtmlHelp1\styles\branding-de-DE.css
C:\Program Files (x86)\EWSoftware\Sandcastle Help File Builder\PresentationStyles\VS2013\styles\branding-en-US.css -&gt; C:\Users\Blair Wyatt\Desktop\XBee Multi Terminal\Documentation\Help\Working\Output\HtmlHelp1\styles\branding-en-US.css
C:\Program Files (x86)\EWSoftware\Sandcastle Help File Builder\PresentationStyles\VS2013\styles\branding-es-ES.css -&gt; C:\Users\Blair Wyatt\Desktop\XBee Multi Terminal\Documentation\Help\Working\Output\HtmlHelp1\styles\branding-es-ES.css
C:\Program Files (x86)\EWSoftware\Sandcastle Help File Builder\PresentationStyles\VS2013\styles\branding-fr-FR.css -&gt; C:\Users\Blair Wyatt\Desktop\XBee Multi Terminal\Documentation\Help\Working\Output\HtmlHelp1\styles\branding-fr-FR.css
C:\Program Files (x86)\EWSoftware\Sandcastle Help File Builder\PresentationStyles\VS2013\styles\branding-Help1.css -&gt; C:\Users\Blair Wyatt\Desktop\XBee Multi Terminal\Documentation\Help\Working\Output\HtmlHelp1\styles\branding-Help1.css
C:\Program Files (x86)\EWSoftware\Sandcastle Help File Builder\PresentationStyles\VS2013\styles\branding-HelpViewer.css -&gt; C:\Users\Blair Wyatt\Desktop\XBee Multi Terminal\Documentation\Help\Working\Output\HtmlHelp1\styles\branding-HelpViewer.css
C:\Program Files (x86)\EWSoftware\Sandcastle Help File Builder\PresentationStyles\VS2013\styles\branding-it-IT.css -&gt; C:\Users\Blair Wyatt\Desktop\XBee Multi Terminal\Documentation\Help\Working\Output\HtmlHelp1\styles\branding-it-IT.css
C:\Program Files (x86)\EWSoftware\Sandcastle Help File Builder\PresentationStyles\VS2013\styles\branding-ja-JP.css -&gt; C:\Users\Blair Wyatt\Desktop\XBee Multi Terminal\Documentation\Help\Working\Output\HtmlHelp1\styles\branding-ja-JP.css
C:\Program Files (x86)\EWSoftware\Sandcastle Help File Builder\PresentationStyles\VS2013\styles\branding-ko-KR.css -&gt; C:\Users\Blair Wyatt\Desktop\XBee Multi Terminal\Documentation\Help\Working\Output\HtmlHelp1\styles\branding-ko-KR.css
C:\Program Files (x86)\EWSoftware\Sandcastle Help File Builder\PresentationStyles\VS2013\styles\branding-pl-PL.css -&gt; C:\Users\Blair Wyatt\Desktop\XBee Multi Terminal\Documentation\Help\Working\Output\HtmlHelp1\styles\branding-pl-PL.css
C:\Program Files (x86)\EWSoftware\Sandcastle Help File Builder\PresentationStyles\VS2013\styles\branding-pt-BR.css -&gt; C:\Users\Blair Wyatt\Desktop\XBee Multi Terminal\Documentation\Help\Working\Output\HtmlHelp1\styles\branding-pt-BR.css
C:\Program Files (x86)\EWSoftware\Sandcastle Help File Builder\PresentationStyles\VS2013\styles\branding-ru-RU.css -&gt; C:\Users\Blair Wyatt\Desktop\XBee Multi Terminal\Documentation\Help\Working\Output\HtmlHelp1\styles\branding-ru-RU.css
C:\Program Files (x86)\EWSoftware\Sandcastle Help File Builder\PresentationStyles\VS2013\styles\branding-tr-TR.css -&gt; C:\Users\Blair Wyatt\Desktop\XBee Multi Terminal\Documentation\Help\Working\Output\HtmlHelp1\styles\branding-tr-TR.css
C:\Program Files (x86)\EWSoftware\Sandcastle Help File Builder\PresentationStyles\VS2013\styles\branding-Website.css -&gt; C:\Users\Blair Wyatt\Desktop\XBee Multi Terminal\Documentation\Help\Working\Output\HtmlHelp1\styles\branding-Website.css
C:\Program Files (x86)\EWSoftware\Sandcastle Help File Builder\PresentationStyles\VS2013\styles\branding-zh-CN.css -&gt; C:\Users\Blair Wyatt\Desktop\XBee Multi Terminal\Documentation\Help\Working\Output\HtmlHelp1\styles\branding-zh-CN.css
C:\Program Files (x86)\EWSoftware\Sandcastle Help File Builder\PresentationStyles\VS2013\styles\branding-zh-TW.css -&gt; C:\Users\Blair Wyatt\Desktop\XBee Multi Terminal\Documentation\Help\Working\Output\HtmlHelp1\styles\branding-zh-TW.css
C:\Program Files (x86)\EWSoftware\Sandcastle Help File Builder\PresentationStyles\VS2013\styles\branding.css -&gt; C:\Users\Blair Wyatt\Desktop\XBee Multi Terminal\Documentation\Help\Working\Output\HtmlHelp1\styles\branding.css
C:\Program Files (x86)\EWSoftware\Sandcastle Help File Builder\PresentationStyles\VS2013\icons\AlertCaution.png -&gt; C:\Users\Blair Wyatt\Desktop\XBee Multi Terminal\Documentation\Help\Working\Output\Website\icons\AlertCaution.png
C:\Program Files (x86)\EWSoftware\Sandcastle Help File Builder\PresentationStyles\VS2013\icons\AlertNote.png -&gt; C:\Users\Blair Wyatt\Desktop\XBee Multi Terminal\Documentation\Help\Working\Output\Website\icons\AlertNote.png
C:\Program Files (x86)\EWSoftware\Sandcastle Help File Builder\PresentationStyles\VS2013\icons\AlertSecurity.png -&gt; C:\Users\Blair Wyatt\Desktop\XBee Multi Terminal\Documentation\Help\Working\Output\Website\icons\AlertSecurity.png
C:\Program Files (x86)\EWSoftware\Sandcastle Help File Builder\PresentationStyles\VS2013\icons\CFW.gif -&gt; C:\Users\Blair Wyatt\Desktop\XBee Multi Terminal\Documentation\Help\Working\Output\Website\icons\CFW.gif
C:\Program Files (x86)\EWSoftware\Sandcastle Help File Builder\PresentationStyles\VS2013\icons\CodeExample.png -&gt; C:\Users\Blair Wyatt\Desktop\XBee Multi Terminal\Documentation\Help\Working\Output\Website\icons\CodeExample.png
C:\Program Files (x86)\EWSoftware\Sandcastle Help File Builder\PresentationStyles\VS2013\icons\favicon.ico -&gt; C:\Users\Blair Wyatt\Desktop\XBee Multi Terminal\Documentation\Help\Working\Output\Website\icons\favicon.ico
C:\Program Files (x86)\EWSoftware\Sandcastle Help File Builder\PresentationStyles\VS2013\icons\privclass.gif -&gt; C:\Users\Blair Wyatt\Desktop\XBee Multi Terminal\Documentation\Help\Working\Output\Website\icons\privclass.gif
C:\Program Files (x86)\EWSoftware\Sandcastle Help File Builder\PresentationStyles\VS2013\icons\privdelegate.gif -&gt; C:\Users\Blair Wyatt\Desktop\XBee Multi Terminal\Documentation\Help\Working\Output\Website\icons\privdelegate.gif
C:\Program Files (x86)\EWSoftware\Sandcastle Help File Builder\PresentationStyles\VS2013\icons\privenumeration.gif -&gt; C:\Users\Blair Wyatt\Desktop\XBee Multi Terminal\Documentation\Help\Working\Output\Website\icons\privenumeration.gif
C:\Program Files (x86)\EWSoftware\Sandcastle Help File Builder\PresentationStyles\VS2013\icons\privevent.gif -&gt; C:\Users\Blair Wyatt\Desktop\XBee Multi Terminal\Documentation\Help\Working\Output\Website\icons\privevent.gif
C:\Program Files (x86)\EWSoftware\Sandcastle Help File Builder\PresentationStyles\VS2013\icons\privextension.gif -&gt; C:\Users\Blair Wyatt\Desktop\XBee Multi Terminal\Documentation\Help\Working\Output\Website\icons\privextension.gif
C:\Program Files (x86)\EWSoftware\Sandcastle Help File Builder\PresentationStyles\VS2013\icons\privfield.gif -&gt; C:\Users\Blair Wyatt\Desktop\XBee Multi Terminal\Documentation\Help\Working\Output\Website\icons\privfield.gif
C:\Program Files (x86)\EWSoftware\Sandcastle Help File Builder\PresentationStyles\VS2013\icons\privinterface.gif -&gt; C:\Users\Blair Wyatt\Desktop\XBee Multi Terminal\Documentation\Help\Working\Output\Website\icons\privinterface.gif
C:\Program Files (x86)\EWSoftware\Sandcastle Help File Builder\PresentationStyles\VS2013\icons\privmethod.gif -&gt; C:\Users\Blair Wyatt\Desktop\XBee Multi Terminal\Documentation\Help\Working\Output\Website\icons\privmethod.gif
C:\Program Files (x86)\EWSoftware\Sandcastle Help File Builder\PresentationStyles\VS2013\icons\privproperty.gif -&gt; C:\Users\Blair Wyatt\Desktop\XBee Multi Terminal\Documentation\Help\Working\Output\Website\icons\privproperty.gif
C:\Program Files (x86)\EWSoftware\Sandcastle Help File Builder\PresentationStyles\VS2013\icons\privstructure.gif -&gt; C:\Users\Blair Wyatt\Desktop\XBee Multi Terminal\Documentation\Help\Working\Output\Website\icons\privstructure.gif
C:\Program Files (x86)\EWSoftware\Sandcastle Help File Builder\PresentationStyles\VS2013\icons\protclass.gif -&gt; C:\Users\Blair Wyatt\Desktop\XBee Multi Terminal\Documentation\Help\Working\Output\Website\icons\protclass.gif
C:\Program Files (x86)\EWSoftware\Sandcastle Help File Builder\PresentationStyles\VS2013\icons\protdelegate.gif -&gt; C:\Users\Blair Wyatt\Desktop\XBee Multi Terminal\Documentation\Help\Working\Output\Website\icons\protdelegate.gif
C:\Program Files (x86)\EWSoftware\Sandcastle Help File Builder\PresentationStyles\VS2013\icons\protenumeration.gif -&gt; C:\Users\Blair Wyatt\Desktop\XBee Multi Terminal\Documentation\Help\Working\Output\Website\icons\protenumeration.gif
C:\Program Files (x86)\EWSoftware\Sandcastle Help File Builder\PresentationStyles\VS2013\icons\protevent.gif -&gt; C:\Users\Blair Wyatt\Desktop\XBee Multi Terminal\Documentation\Help\Working\Output\Website\icons\protevent.gif
C:\Program Files (x86)\EWSoftware\Sandcastle Help File Builder\PresentationStyles\VS2013\icons\protextension.gif -&gt; C:\Users\Blair Wyatt\Desktop\XBee Multi Terminal\Documentation\Help\Working\Output\Website\icons\protextension.gif
C:\Program Files (x86)\EWSoftware\Sandcastle Help File Builder\PresentationStyles\VS2013\icons\protfield.gif -&gt; C:\Users\Blair Wyatt\Desktop\XBee Multi Terminal\Documentation\Help\Working\Output\Website\icons\protfield.gif
C:\Program Files (x86)\EWSoftware\Sandcastle Help File Builder\PresentationStyles\VS2013\icons\protinterface.gif -&gt; C:\Users\Blair Wyatt\Desktop\XBee Multi Terminal\Documentation\Help\Working\Output\Website\icons\protinterface.gif
C:\Program Files (x86)\EWSoftware\Sandcastle Help File Builder\PresentationStyles\VS2013\icons\protmethod.gif -&gt; C:\Users\Blair Wyatt\Desktop\XBee Multi Terminal\Documentation\Help\Working\Output\Website\icons\protmethod.gif
C:\Program Files (x86)\EWSoftware\Sandcastle Help File Builder\PresentationStyles\VS2013\icons\protoperator.gif -&gt; C:\Users\Blair Wyatt\Desktop\XBee Multi Terminal\Documentation\Help\Working\Output\Website\icons\protoperator.gif
C:\Program Files (x86)\EWSoftware\Sandcastle Help File Builder\PresentationStyles\VS2013\icons\protproperty.gif -&gt; C:\Users\Blair Wyatt\Desktop\XBee Multi Terminal\Documentation\Help\Working\Output\Website\icons\protproperty.gif
C:\Program Files (x86)\EWSoftware\Sandcastle Help File Builder\PresentationStyles\VS2013\icons\protstructure.gif -&gt; C:\Users\Blair Wyatt\Desktop\XBee Multi Terminal\Documentation\Help\Working\Output\Website\icons\protstructure.gif
C:\Program Files (x86)\EWSoftware\Sandcastle Help File Builder\PresentationStyles\VS2013\icons\pubclass.gif -&gt; C:\Users\Blair Wyatt\Desktop\XBee Multi Terminal\Documentation\Help\Working\Output\Website\icons\pubclass.gif
C:\Program Files (x86)\EWSoftware\Sandcastle Help File Builder\PresentationStyles\VS2013\icons\pubdelegate.gif -&gt; C:\Users\Blair Wyatt\Desktop\XBee Multi Terminal\Documentation\Help\Working\Output\Website\icons\pubdelegate.gif
C:\Program Files (x86)\EWSoftware\Sandcastle Help File Builder\PresentationStyles\VS2013\icons\pubenumeration.gif -&gt; C:\Users\Blair Wyatt\Desktop\XBee Multi Terminal\Documentation\Help\Working\Output\Website\icons\pubenumeration.gif
C:\Program Files (x86)\EWSoftware\Sandcastle Help File Builder\PresentationStyles\VS2013\icons\pubevent.gif -&gt; C:\Users\Blair Wyatt\Desktop\XBee Multi Terminal\Documentation\Help\Working\Output\Website\icons\pubevent.gif
C:\Program Files (x86)\EWSoftware\Sandcastle Help File Builder\PresentationStyles\VS2013\icons\pubextension.gif -&gt; C:\Users\Blair Wyatt\Desktop\XBee Multi Terminal\Documentation\Help\Working\Output\Website\icons\pubextension.gif
C:\Program Files (x86)\EWSoftware\Sandcastle Help File Builder\PresentationStyles\VS2013\icons\pubfield.gif -&gt; C:\Users\Blair Wyatt\Desktop\XBee Multi Terminal\Documentation\Help\Working\Output\Website\icons\pubfield.gif
C:\Program Files (x86)\EWSoftware\Sandcastle Help File Builder\PresentationStyles\VS2013\icons\pubinterface.gif -&gt; C:\Users\Blair Wyatt\Desktop\XBee Multi Terminal\Documentation\Help\Working\Output\Website\icons\pubinterface.gif
C:\Program Files (x86)\EWSoftware\Sandcastle Help File Builder\PresentationStyles\VS2013\icons\pubmethod.gif -&gt; C:\Users\Blair Wyatt\Desktop\XBee Multi Terminal\Documentation\Help\Working\Output\Website\icons\pubmethod.gif
C:\Program Files (x86)\EWSoftware\Sandcastle Help File Builder\PresentationStyles\VS2013\icons\puboperator.gif -&gt; C:\Users\Blair Wyatt\Desktop\XBee Multi Terminal\Documentation\Help\Working\Output\Website\icons\puboperator.gif
C:\Program Files (x86)\EWSoftware\Sandcastle Help File Builder\PresentationStyles\VS2013\icons\pubproperty.gif -&gt; C:\Users\Blair Wyatt\Desktop\XBee Multi Terminal\Documentation\Help\Working\Output\Website\icons\pubproperty.gif
C:\Program Files (x86)\EWSoftware\Sandcastle Help File Builder\PresentationStyles\VS2013\icons\pubstructure.gif -&gt; C:\Users\Blair Wyatt\Desktop\XBee Multi Terminal\Documentation\Help\Working\Output\Website\icons\pubstructure.gif
C:\Program Files (x86)\EWSoftware\Sandcastle Help File Builder\PresentationStyles\VS2013\icons\SectionCollapsed.png -&gt; C:\Users\Blair Wyatt\Desktop\XBee Multi Terminal\Documentation\Help\Working\Output\Website\icons\SectionCollapsed.png
C:\Program Files (x86)\EWSoftware\Sandcastle Help File Builder\PresentationStyles\VS2013\icons\SectionExpanded.png -&gt; C:\Users\Blair Wyatt\Desktop\XBee Multi Terminal\Documentation\Help\Working\Output\Website\icons\SectionExpanded.png
C:\Program Files (x86)\EWSoftware\Sandcastle Help File Builder\PresentationStyles\VS2013\icons\slMobile.gif -&gt; C:\Users\Blair Wyatt\Desktop\XBee Multi Terminal\Documentation\Help\Working\Output\Website\icons\slMobile.gif
C:\Program Files (x86)\EWSoftware\Sandcastle Help File Builder\PresentationStyles\VS2013\icons\static.gif -&gt; C:\Users\Blair Wyatt\Desktop\XBee Multi Terminal\Documentation\Help\Working\Output\Website\icons\static.gif
C:\Program Files (x86)\EWSoftware\Sandcastle Help File Builder\PresentationStyles\VS2013\icons\xna.gif -&gt; C:\Users\Blair Wyatt\Desktop\XBee Multi Terminal\Documentation\Help\Working\Output\Website\icons\xna.gif
C:\Program Files (x86)\EWSoftware\Sandcastle Help File Builder\PresentationStyles\VS2013\scripts\branding.js -&gt; C:\Users\Blair Wyatt\Desktop\XBee Multi Terminal\Documentation\Help\Working\Output\Website\scripts\branding.js
C:\Program Files (x86)\EWSoftware\Sandcastle Help File Builder\PresentationStyles\VS2013\styles\branding-cs-CZ.css -&gt; C:\Users\Blair Wyatt\Desktop\XBee Multi Terminal\Documentation\Help\Working\Output\Website\styles\branding-cs-CZ.css
C:\Program Files (x86)\EWSoftware\Sandcastle Help File Builder\PresentationStyles\VS2013\styles\branding-de-DE.css -&gt; C:\Users\Blair Wyatt\Desktop\XBee Multi Terminal\Documentation\Help\Working\Output\Website\styles\branding-de-DE.css
C:\Program Files (x86)\EWSoftware\Sandcastle Help File Builder\PresentationStyles\VS2013\styles\branding-en-US.css -&gt; C:\Users\Blair Wyatt\Desktop\XBee Multi Terminal\Documentation\Help\Working\Output\Website\styles\branding-en-US.css
C:\Program Files (x86)\EWSoftware\Sandcastle Help File Builder\PresentationStyles\VS2013\styles\branding-es-ES.css -&gt; C:\Users\Blair Wyatt\Desktop\XBee Multi Terminal\Documentation\Help\Working\Output\Website\styles\branding-es-ES.css
C:\Program Files (x86)\EWSoftware\Sandcastle Help File Builder\PresentationStyles\VS2013\styles\branding-fr-FR.css -&gt; C:\Users\Blair Wyatt\Desktop\XBee Multi Terminal\Documentation\Help\Working\Output\Website\styles\branding-fr-FR.css
C:\Program Files (x86)\EWSoftware\Sandcastle Help File Builder\PresentationStyles\VS2013\styles\branding-Help1.css -&gt; C:\Users\Blair Wyatt\Desktop\XBee Multi Terminal\Documentation\Help\Working\Output\Website\styles\branding-Help1.css
C:\Program Files (x86)\EWSoftware\Sandcastle Help File Builder\PresentationStyles\VS2013\styles\branding-HelpViewer.css -&gt; C:\Users\Blair Wyatt\Desktop\XBee Multi Terminal\Documentation\Help\Working\Output\Website\styles\branding-HelpViewer.css
C:\Program Files (x86)\EWSoftware\Sandcastle Help File Builder\PresentationStyles\VS2013\styles\branding-it-IT.css -&gt; C:\Users\Blair Wyatt\Desktop\XBee Multi Terminal\Documentation\Help\Working\Output\Website\styles\branding-it-IT.css
C:\Program Files (x86)\EWSoftware\Sandcastle Help File Builder\PresentationStyles\VS2013\styles\branding-ja-JP.css -&gt; C:\Users\Blair Wyatt\Desktop\XBee Multi Terminal\Documentation\Help\Working\Output\Website\styles\branding-ja-JP.css
C:\Program Files (x86)\EWSoftware\Sandcastle Help File Builder\PresentationStyles\VS2013\styles\branding-ko-KR.css -&gt; C:\Users\Blair Wyatt\Desktop\XBee Multi Terminal\Documentation\Help\Working\Output\Website\styles\branding-ko-KR.css
C:\Program Files (x86)\EWSoftware\Sandcastle Help File Builder\PresentationStyles\VS2013\styles\branding-pl-PL.css -&gt; C:\Users\Blair Wyatt\Desktop\XBee Multi Terminal\Documentation\Help\Working\Output\Website\styles\branding-pl-PL.css
C:\Program Files (x86)\EWSoftware\Sandcastle Help File Builder\PresentationStyles\VS2013\styles\branding-pt-BR.css -&gt; C:\Users\Blair Wyatt\Desktop\XBee Multi Terminal\Documentation\Help\Working\Output\Website\styles\branding-pt-BR.css
C:\Program Files (x86)\EWSoftware\Sandcastle Help File Builder\PresentationStyles\VS2013\styles\branding-ru-RU.css -&gt; C:\Users\Blair Wyatt\Desktop\XBee Multi Terminal\Documentation\Help\Working\Output\Website\styles\branding-ru-RU.css
C:\Program Files (x86)\EWSoftware\Sandcastle Help File Builder\PresentationStyles\VS2013\styles\branding-tr-TR.css -&gt; C:\Users\Blair Wyatt\Desktop\XBee Multi Terminal\Documentation\Help\Working\Output\Website\styles\branding-tr-TR.css
C:\Program Files (x86)\EWSoftware\Sandcastle Help File Builder\PresentationStyles\VS2013\styles\branding-Website.css -&gt; C:\Users\Blair Wyatt\Desktop\XBee Multi Terminal\Documentation\Help\Working\Output\Website\styles\branding-Website.css
C:\Program Files (x86)\EWSoftware\Sandcastle Help File Builder\PresentationStyles\VS2013\styles\branding-zh-CN.css -&gt; C:\Users\Blair Wyatt\Desktop\XBee Multi Terminal\Documentation\Help\Working\Output\Website\styles\branding-zh-CN.css
C:\Program Files (x86)\EWSoftware\Sandcastle Help File Builder\PresentationStyles\VS2013\styles\branding-zh-TW.css -&gt; C:\Users\Blair Wyatt\Desktop\XBee Multi Terminal\Documentation\Help\Working\Output\Website\styles\branding-zh-TW.css
C:\Program Files (x86)\EWSoftware\Sandcastle Help File Builder\PresentationStyles\VS2013\styles\branding.css -&gt; C:\Users\Blair Wyatt\Desktop\XBee Multi Terminal\Documentation\Help\Working\Output\Website\styles\branding.css
C:\Program Files (x86)\EWSoftware\Sandcastle Help File Builder\PresentationStyles\VS2013\Web\index.html -&gt; C:\Users\Blair Wyatt\Desktop\XBee Multi Terminal\Documentation\Help\Working\Output\Website\index.html
C:\Program Files (x86)\EWSoftware\Sandcastle Help File Builder\PresentationStyles\VS2013\Web\search.html -&gt; C:\Users\Blair Wyatt\Desktop\XBee Multi Terminal\Documentation\Help\Working\Output\Website\search.html
C:\Program Files (x86)\EWSoftware\Sandcastle Help File Builder\PresentationStyles\VS2013\Web\SearchHelp.aspx -&gt; C:\Users\Blair Wyatt\Desktop\XBee Multi Terminal\Documentation\Help\Working\Output\Website\SearchHelp.aspx
C:\Program Files (x86)\EWSoftware\Sandcastle Help File Builder\PresentationStyles\VS2013\Web\SearchHelp.inc.php -&gt; C:\Users\Blair Wyatt\Desktop\XBee Multi Terminal\Documentation\Help\Working\Output\Website\SearchHelp.inc.php
C:\Program Files (x86)\EWSoftware\Sandcastle Help File Builder\PresentationStyles\VS2013\Web\SearchHelp.php -&gt; C:\Users\Blair Wyatt\Desktop\XBee Multi Terminal\Documentation\Help\Working\Output\Website\SearchHelp.php
C:\Program Files (x86)\EWSoftware\Sandcastle Help File Builder\PresentationStyles\VS2013\Web\Web.Config -&gt; C:\Users\Blair Wyatt\Desktop\XBee Multi Terminal\Documentation\Help\Working\Output\Website\Web.Config
C:\Program Files (x86)\EWSoftware\Sandcastle Help File Builder\PresentationStyles\VS2013\Web\icons\Search.png -&gt; C:\Users\Blair Wyatt\Desktop\XBee Multi Terminal\Documentation\Help\Working\Output\Website\icons\Search.png
C:\Program Files (x86)\EWSoftware\Sandcastle Help File Builder\PresentationStyles\VS2013\Web\icons\TocClose.gif -&gt; C:\Users\Blair Wyatt\Desktop\XBee Multi Terminal\Documentation\Help\Working\Output\Website\icons\TocClose.gif
C:\Program Files (x86)\EWSoftware\Sandcastle Help File Builder\PresentationStyles\VS2013\Web\icons\TocCollapsed.gif -&gt; C:\Users\Blair Wyatt\Desktop\XBee Multi Terminal\Documentation\Help\Working\Output\Website\icons\TocCollapsed.gif
C:\Program Files (x86)\EWSoftware\Sandcastle Help File Builder\PresentationStyles\VS2013\Web\icons\TocExpanded.gif -&gt; C:\Users\Blair Wyatt\Desktop\XBee Multi Terminal\Documentation\Help\Working\Output\Website\icons\TocExpanded.gif
C:\Program Files (x86)\EWSoftware\Sandcastle Help File Builder\PresentationStyles\VS2013\Web\icons\TocOpen.gif -&gt; C:\Users\Blair Wyatt\Desktop\XBee Multi Terminal\Documentation\Help\Working\Output\Website\icons\TocOpen.gif
C:\Program Files (x86)\EWSoftware\Sandcastle Help File Builder\PresentationStyles\VS2013\Web\scripts\branding-Website.js -&gt; C:\Users\Blair Wyatt\Desktop\XBee Multi Terminal\Documentation\Help\Working\Output\Website\scripts\branding-Website.js
C:\Program Files (x86)\EWSoftware\Sandcastle Help File Builder\PresentationStyles\VS2013\Web\scripts\clipboard.min.js -&gt; C:\Users\Blair Wyatt\Desktop\XBee Multi Terminal\Documentation\Help\Working\Output\Website\scripts\clipboard.min.js
C:\Program Files (x86)\EWSoftware\Sandcastle Help File Builder\PresentationStyles\VS2013\Web\scripts\jquery-1.11.0.min.js -&gt; C:\Users\Blair Wyatt\Desktop\XBee Multi Terminal\Documentation\Help\Working\Output\Website\scripts\jquery-1.11.0.min.js
    Last step completed in 00:00:01.3079
</buildStep>
<buildStep step="GenerateHelpFormatTableOfContents">
Generating HTML Help 1 table of contents file...
    Last step completed in 00:00:00.0000
</buildStep>
<buildStep step="GenerateHelpFileIndex">
Generating HTML Help 1 index file...
    Last step completed in 00:00:00.0010
</buildStep>
<buildStep step="GenerateHelpProject">
Generating HTML Help 1 project file...
    Last step completed in 00:00:00.0050
</buildStep>
<buildStep step="CompilingHelpFile">
Compiling HTML Help 1 file...
[C:\Program Files (x86)\MSBuild\14.0\bin\MSBuild.exe - Build1xHelpFile.proj]
  Microsoft HTML Help Compiler 4.74.8702
  
  
  
  Compiling c:\Users\Blair Wyatt\Desktop\XBee Multi Terminal\Documentation\Help\Working\Output\HtmlHelp1\Help.chm
  
  
  
  
  
  Compile time: 0 minutes, 0 seconds
  
  12	Topics
  
  44	Local links
  
  1	Internet link
  
  0	Graphics
  
  
  
  
  
  Created c:\Users\Blair Wyatt\Desktop\XBee Multi Terminal\Documentation\Help\Working\Output\HtmlHelp1\Help.chm, 231,989 bytes
  
  Compression decreased file by 83,682 bytes.
  
    Last step completed in 00:00:01.2260
</buildStep>
<buildStep step="GenerateHelpFormatTableOfContents">
Generating website table of contents file...
    Last step completed in 00:00:00.0010
</buildStep>
<buildStep step="GenerateFullTextIndex">
Generating full-text index for the website...

<plugIn name="Lightweight Website Style" behavior="After" priority="1000">
Adding lightweight search and TOC elements to each topic...
</plugIn>    Last step completed in 00:00:00.0530
</buildStep>
<buildStep step="CopyingWebsiteFiles">
Copying website files to output folder...

Copied 124 files for the website content
    Last step completed in 00:00:00.5704
</buildStep>
<buildStep step="CleanIntermediates">
Removing intermediate files...
    Last step completed in 00:00:00.1061
</buildStep>
<buildStep step="Completed">

Build completed successfully at 3/10/2016 11:50:28 PM.  Total time: 00:00:08.0057

</buildStep>
</shfbBuild>
